Der Buildvorgang wurde am 31.08.2016 20:47:18 gestartet.
     1>Projekt "C:\Users\Daniel\Dropbox\Projekte\MillAI\MillAI\MillAI.vcxproj" auf Knoten "2", Build Ziel(e).
     1>ClCompile:
         C:\Program Files (x86)\Microsoft Visual Studio 12.0\VC\bin\CL.exe /c /ZI /nologo /W3 /WX- /sdl /Od /Oy- /D _CRT_SECURE_NO_WARNINGS /D _MBCS /Gm /EHsc /RTC1 /MDd /GS /fp:precise /Zc:wchar_t /Zc:forScope /Fo"Debug\\" /Fd"Debug\vc120.pdb" /Gd /TP /analyze- /errorReport:prompt Computer.cpp
         Computer.cpp
     1>c:\users\daniel\dropbox\projekte\millai\millai\computer.cpp(36): warning C4101: 'ret': Unreferenzierte lokale Variable
     1>c:\users\daniel\dropbox\projekte\millai\millai\computer.cpp(649): warning C4018: '<': Konflikt zwischen 'signed' und 'unsigned'
       Link:
         C:\Program Files (x86)\Microsoft Visual Studio 12.0\VC\bin\link.exe /ERRORREPORT:PROMPT /OUT:"C:\Users\Daniel\Dropbox\Projekte\MillAI\Debug\MillAI.exe" /INCREMENTAL /NOLOGO SDL2.lib SDL2main.lib SDL2_image.lib SDL2_mixer.lib opengl32.lib glu32.lib ftgl_D.lib kernel32.lib user32.lib gdi32.lib winspool.lib comdlg32.lib advapi32.lib shell32.lib ole32.lib oleaut32.lib uuid.lib odbc32.lib odbccp32.lib /MANIFEST /MANIFESTUAC:"level='asInvoker' uiAccess='false'" /manifest:embed /DEBUG /PDB:"C:\Users\Daniel\Dropbox\Projekte\MillAI\Debug\MillAI.pdb" /SUBSYSTEM:CONSOLE /TLBID:1 /DYNAMICBASE /NXCOMPAT /IMPLIB:"C:\Users\Daniel\Dropbox\Projekte\MillAI\Debug\MillAI.lib" /MACHINE:X86 Debug\Animation.obj
         Debug\GameObject.obj
         Debug\Graphics.obj
         Debug\Input.obj
         Debug\Log.obj
         Debug\Sound.obj
         Debug\Board.obj
         Debug\cApp.obj
         Debug\Computer.obj
         Debug\FieldObject.obj
         Debug\AS_Game.obj
         Debug\Human.obj
         Debug\main.obj
         Debug\Player.obj
         Debug\State.obj
         MillAI.vcxproj -> C:\Users\Daniel\Dropbox\Projekte\MillAI\Debug\MillAI.exe
     1>Die Erstellung des Projekts "C:\Users\Daniel\Dropbox\Projekte\MillAI\MillAI\MillAI.vcxproj" ist abgeschlossen, Build Ziel(e).

Build erfolgreich.

Verstrichene Zeit 00:00:01.61
