c:\users\daniel\dropbox\projekte\millai\millai\release\vc120.pdb
c:\users\daniel\dropbox\projekte\millai\millai\release\state.obj
c:\users\daniel\dropbox\projekte\millai\millai\release\player.obj
c:\users\daniel\dropbox\projekte\millai\millai\release\main.obj
c:\users\daniel\dropbox\projekte\millai\millai\release\human.obj
c:\users\daniel\dropbox\projekte\millai\millai\release\as_game.obj
c:\users\daniel\dropbox\projekte\millai\millai\release\fieldobject.obj
c:\users\daniel\dropbox\projekte\millai\millai\release\computer.obj
c:\users\daniel\dropbox\projekte\millai\millai\release\capp.obj
c:\users\daniel\dropbox\projekte\millai\millai\release\board.obj
c:\users\daniel\dropbox\projekte\millai\millai\release\sound.obj
c:\users\daniel\dropbox\projekte\millai\millai\release\log.obj
c:\users\daniel\dropbox\projekte\millai\millai\release\input.obj
c:\users\daniel\dropbox\projekte\millai\millai\release\graphics.obj
c:\users\daniel\dropbox\projekte\millai\millai\release\gameobject.obj
c:\users\daniel\dropbox\projekte\millai\millai\release\animation.obj
c:\users\daniel\dropbox\projekte\millai\release\millai.pdb
c:\users\daniel\dropbox\projekte\millai\release\millai.exe
c:\users\daniel\dropbox\projekte\millai\millai\release\millai.tlog\cl.command.1.tlog
c:\users\daniel\dropbox\projekte\millai\millai\release\millai.tlog\cl.read.1.tlog
c:\users\daniel\dropbox\projekte\millai\millai\release\millai.tlog\cl.write.1.tlog
c:\users\daniel\dropbox\projekte\millai\millai\release\millai.tlog\link.command.1.tlog
c:\users\daniel\dropbox\projekte\millai\millai\release\millai.tlog\link.read.1.tlog
c:\users\daniel\dropbox\projekte\millai\millai\release\millai.tlog\link.write.1.tlog
