Der Buildvorgang wurde am 31.08.2016 20:34:31 gestartet.
     1>Projekt "C:\Users\Daniel\Dropbox\Projekte\MillAI\MillAI\MillAI.vcxproj" auf Knoten "2", Build Ziel(e).
     1>ClCompile:
         C:\Program Files (x86)\Microsoft Visual Studio 12.0\VC\bin\CL.exe /c /Zi /nologo /W3 /WX- /sdl /O2 /Oi /Oy- /GL /D _CRT_SECURE_NO_WARNINGS /D _MBCS /Gm- /EHsc /MD /GS /Gy /fp:precise /Zc:wchar_t /Zc:forScope /Fo"Release\\" /Fd"Release\vc120.pdb" /Gd /TP /analyze- /errorReport:prompt Computer.cpp
         Computer.cpp
     1>Computer.cpp(36): warning C4101: 'ret': Unreferenzierte lokale Variable
     1>Computer.cpp(645): warning C4018: '<': Konflikt zwischen 'signed' und 'unsigned'
       Link:
         C:\Program Files (x86)\Microsoft Visual Studio 12.0\VC\bin\link.exe /ERRORREPORT:PROMPT /OUT:"C:\Users\Daniel\Dropbox\Projekte\MillAI\Release\MillAI.exe" /NOLOGO SDL2.lib SDL2main.lib SDL2_image.lib SDL2_mixer.lib opengl32.lib glu32.lib ftgl_D.lib kernel32.lib user32.lib gdi32.lib winspool.lib comdlg32.lib advapi32.lib shell32.lib ole32.lib oleaut32.lib uuid.lib odbc32.lib odbccp32.lib /MANIFEST /MANIFESTUAC:"level='asInvoker' uiAccess='false'" /manifest:embed /DEBUG /PDB:"C:\Users\Daniel\Dropbox\Projekte\MillAI\Release\MillAI.pdb" /SUBSYSTEM:CONSOLE /OPT:REF /OPT:ICF /LTCG /TLBID:1 /DYNAMICBASE /NXCOMPAT /IMPLIB:"C:\Users\Daniel\Dropbox\Projekte\MillAI\Release\MillAI.lib" /MACHINE:X86 /SAFESEH Release\Animation.obj
         Release\GameObject.obj
         Release\Graphics.obj
         Release\Input.obj
         Release\Log.obj
         Release\Sound.obj
         Release\Board.obj
         Release\cApp.obj
         Release\Computer.obj
         Release\FieldObject.obj
         Release\AS_Game.obj
         Release\Human.obj
         Release\main.obj
         Release\Player.obj
         Release\State.obj
         Code wird generiert.
         Codegenerierung ist abgeschlossen.
         MillAI.vcxproj -> C:\Users\Daniel\Dropbox\Projekte\MillAI\Release\MillAI.exe
     1>Die Erstellung des Projekts "C:\Users\Daniel\Dropbox\Projekte\MillAI\MillAI\MillAI.vcxproj" ist abgeschlossen, Build Ziel(e).

Build erfolgreich.

Verstrichene Zeit 00:00:03.33
